2018-12-03 18:49:23,427 [1] DEBUG KKday.Consoles.B2S.Rezdy.PackageRepository.PackageRepository - Newtonsoft.Json.JsonSerializationException: Cannot deserialize the current JSON array (e.g. [1,2,3]) into type 'KKday.Consoles.B2S.Rezdy.Models.Package.sessions' because the type requires a JSON object (e.g. {"name":"value"}) to deserialize correctly.
To fix this error either change the JSON to a JSON object (e.g. {"name":"value"}) or change the deserialized type to an array or a type that implements a collection interface (e.g. ICollection, IList) like List<T> that can be deserialized from a JSON array. JsonArrayAttribute can also be added to the type to force it to deserialize from a JSON array.
Path 'sessions', line 1, position 61.
   at Newtonsoft.Json.Serialization.JsonSerializerInternalReader.EnsureArrayContract(JsonReader reader, Type objectType, JsonContract contract) in /_/Src/Newtonsoft.Json/Serialization/JsonSerializerInternalReader.cs:line 823
   at Newtonsoft.Json.Serialization.JsonSerializerInternalReader.CreateList(JsonReader reader, Type objectType, JsonContract contract, JsonProperty member, Object existingValue, String id) in /_/Src/Newtonsoft.Json/Serialization/JsonSerializerInternalReader.cs:line 846
   at Newtonsoft.Json.Serialization.JsonSerializerInternalReader.SetPropertyValue(JsonProperty property, JsonConverter propertyConverter, JsonContainerContract containerContract, JsonProperty containerProperty, JsonReader reader, Object target) in /_/Src/Newtonsoft.Json/Serialization/JsonSerializerInternalReader.cs:line 998
   at Newtonsoft.Json.Serialization.JsonSerializerInternalReader.PopulateObject(Object newObject, JsonReader reader, JsonObjectContract contract, JsonProperty member, String id) in /_/Src/Newtonsoft.Json/Serialization/JsonSerializerInternalReader.cs:line 2386
   at Newtonsoft.Json.Serialization.JsonSerializerInternalReader.CreateObject(JsonReader reader, Type objectType, JsonContract contract, JsonProperty member, JsonContainerContract containerContract, JsonProperty containerMember, Object existingValue) in /_/Src/Newtonsoft.Json/Serialization/JsonSerializerInternalReader.cs:line 485
   at Newtonsoft.Json.Serialization.JsonSerializerInternalReader.Deserialize(JsonReader reader, Type objectType, Boolean checkAdditionalContent) in /_/Src/Newtonsoft.Json/Serialization/JsonSerializerInternalReader.cs:line 167
   at Newtonsoft.Json.JsonSerializer.DeserializeInternal(JsonReader reader, Type objectType) in /_/Src/Newtonsoft.Json/JsonSerializer.cs:line 907
   at Newtonsoft.Json.JsonConvert.DeserializeObject(String value, Type type, JsonSerializerSettings settings) in /_/Src/Newtonsoft.Json/JsonConvert.cs:line 828
   at Newtonsoft.Json.JsonConvert.DeserializeObject[T](String value, JsonSerializerSettings settings) in /_/Src/Newtonsoft.Json/JsonConvert.cs:line 786
   at KKday.Consoles.B2S.Rezdy.PackageRepository.PackageRepository.Main() in /Users/caizhiliang/Documents/GitHub/snowchoy/Src/Console/KKday.Console.B2S.Rezdy/KKday.Console.B2S.Rezdy/PackageRepository.cs:line 24
2018-12-03 18:50:52,797 [1] DEBUG KKday.Consoles.B2S.Rezdy.PackageRepository.PackageRepository - Newtonsoft.Json.JsonSerializationException: Cannot deserialize the current JSON array (e.g. [1,2,3]) into type 'KKday.Consoles.B2S.Rezdy.Models.Package.sessions' because the type requires a JSON object (e.g. {"name":"value"}) to deserialize correctly.
To fix this error either change the JSON to a JSON object (e.g. {"name":"value"}) or change the deserialized type to an array or a type that implements a collection interface (e.g. ICollection, IList) like List<T> that can be deserialized from a JSON array. JsonArrayAttribute can also be added to the type to force it to deserialize from a JSON array.
Path 'sessions', line 1, position 61.
   at Newtonsoft.Json.Serialization.JsonSerializerInternalReader.EnsureArrayContract(JsonReader reader, Type objectType, JsonContract contract) in /_/Src/Newtonsoft.Json/Serialization/JsonSerializerInternalReader.cs:line 823
   at Newtonsoft.Json.Serialization.JsonSerializerInternalReader.CreateList(JsonReader reader, Type objectType, JsonContract contract, JsonProperty member, Object existingValue, String id) in /_/Src/Newtonsoft.Json/Serialization/JsonSerializerInternalReader.cs:line 846
   at Newtonsoft.Json.Serialization.JsonSerializerInternalReader.SetPropertyValue(JsonProperty property, JsonConverter propertyConverter, JsonContainerContract containerContract, JsonProperty containerProperty, JsonReader reader, Object target) in /_/Src/Newtonsoft.Json/Serialization/JsonSerializerInternalReader.cs:line 998
   at Newtonsoft.Json.Serialization.JsonSerializerInternalReader.PopulateObject(Object newObject, JsonReader reader, JsonObjectContract contract, JsonProperty member, String id) in /_/Src/Newtonsoft.Json/Serialization/JsonSerializerInternalReader.cs:line 2386
   at Newtonsoft.Json.Serialization.JsonSerializerInternalReader.CreateObject(JsonReader reader, Type objectType, JsonContract contract, JsonProperty member, JsonContainerContract containerContract, JsonProperty containerMember, Object existingValue) in /_/Src/Newtonsoft.Json/Serialization/JsonSerializerInternalReader.cs:line 485
   at Newtonsoft.Json.Serialization.JsonSerializerInternalReader.Deserialize(JsonReader reader, Type objectType, Boolean checkAdditionalContent) in /_/Src/Newtonsoft.Json/Serialization/JsonSerializerInternalReader.cs:line 167
   at Newtonsoft.Json.JsonSerializer.DeserializeInternal(JsonReader reader, Type objectType) in /_/Src/Newtonsoft.Json/JsonSerializer.cs:line 907
   at Newtonsoft.Json.JsonConvert.DeserializeObject(String value, Type type, JsonSerializerSettings settings) in /_/Src/Newtonsoft.Json/JsonConvert.cs:line 828
   at Newtonsoft.Json.JsonConvert.DeserializeObject[T](String value, JsonSerializerSettings settings) in /_/Src/Newtonsoft.Json/JsonConvert.cs:line 786
   at KKday.Consoles.B2S.Rezdy.PackageRepository.PackageRepository.Main() in /Users/caizhiliang/Documents/GitHub/snowchoy/Src/Console/KKday.Console.B2S.Rezdy/KKday.Console.B2S.Rezdy/PackageRepository.cs:line 24
2018-12-03 18:51:10,068 [1] DEBUG KKday.Consoles.B2S.Rezdy.PackageRepository.PackageRepository - Newtonsoft.Json.JsonSerializationException: Cannot deserialize the current JSON array (e.g. [1,2,3]) into type 'KKday.Consoles.B2S.Rezdy.Models.Package.sessions' because the type requires a JSON object (e.g. {"name":"value"}) to deserialize correctly.
To fix this error either change the JSON to a JSON object (e.g. {"name":"value"}) or change the deserialized type to an array or a type that implements a collection interface (e.g. ICollection, IList) like List<T> that can be deserialized from a JSON array. JsonArrayAttribute can also be added to the type to force it to deserialize from a JSON array.
Path 'sessions', line 1, position 61.
   at Newtonsoft.Json.Serialization.JsonSerializerInternalReader.EnsureArrayContract(JsonReader reader, Type objectType, JsonContract contract) in /_/Src/Newtonsoft.Json/Serialization/JsonSerializerInternalReader.cs:line 823
   at Newtonsoft.Json.Serialization.JsonSerializerInternalReader.CreateList(JsonReader reader, Type objectType, JsonContract contract, JsonProperty member, Object existingValue, String id) in /_/Src/Newtonsoft.Json/Serialization/JsonSerializerInternalReader.cs:line 846
   at Newtonsoft.Json.Serialization.JsonSerializerInternalReader.SetPropertyValue(JsonProperty property, JsonConverter propertyConverter, JsonContainerContract containerContract, JsonProperty containerProperty, JsonReader reader, Object target) in /_/Src/Newtonsoft.Json/Serialization/JsonSerializerInternalReader.cs:line 998
   at Newtonsoft.Json.Serialization.JsonSerializerInternalReader.PopulateObject(Object newObject, JsonReader reader, JsonObjectContract contract, JsonProperty member, String id) in /_/Src/Newtonsoft.Json/Serialization/JsonSerializerInternalReader.cs:line 2386
   at Newtonsoft.Json.Serialization.JsonSerializerInternalReader.CreateObject(JsonReader reader, Type objectType, JsonContract contract, JsonProperty member, JsonContainerContract containerContract, JsonProperty containerMember, Object existingValue) in /_/Src/Newtonsoft.Json/Serialization/JsonSerializerInternalReader.cs:line 485
   at Newtonsoft.Json.Serialization.JsonSerializerInternalReader.Deserialize(JsonReader reader, Type objectType, Boolean checkAdditionalContent) in /_/Src/Newtonsoft.Json/Serialization/JsonSerializerInternalReader.cs:line 167
   at Newtonsoft.Json.JsonSerializer.DeserializeInternal(JsonReader reader, Type objectType) in /_/Src/Newtonsoft.Json/JsonSerializer.cs:line 907
   at Newtonsoft.Json.JsonConvert.DeserializeObject(String value, Type type, JsonSerializerSettings settings) in /_/Src/Newtonsoft.Json/JsonConvert.cs:line 828
   at Newtonsoft.Json.JsonConvert.DeserializeObject[T](String value, JsonSerializerSettings settings) in /_/Src/Newtonsoft.Json/JsonConvert.cs:line 786
   at KKday.Consoles.B2S.Rezdy.PackageRepository.PackageRepository.Main() in /Users/caizhiliang/Documents/GitHub/snowchoy/Src/Console/KKday.Console.B2S.Rezdy/KKday.Console.B2S.Rezdy/PackageRepository.cs:line 24
