2018-12-04 15:13:55,378 [1] DEBUG KKday.Consoles.B2S.Rezdy.ProductRepository.ProductRepository - Newtonsoft.Json.JsonSerializationException: Cannot deserialize the current JSON object (e.g. {"name":"value"}) into type 'System.Collections.Generic.List`1[KKday.Consoles.B2S.Rezdy.Models.Produvt.locationAddress]' because the type requires a JSON array (e.g. [1,2,3]) to deserialize correctly.
To fix this error either change the JSON to a JSON array (e.g. [1,2,3]) or change the deserialized type so that it is a normal .NET type (e.g. not a primitive type like integer, not a collection type like an array or List<T>) that can be deserialized from a JSON object. JsonObjectAttribute can also be added to the type to force it to deserialize from a JSON object.
Path 'products[0].locationAddress.addressLine', line 1, position 55973.
   at Newtonsoft.Json.Serialization.JsonSerializerInternalReader.CreateObject(JsonReader reader, Type objectType, JsonContract contract, JsonProperty member, JsonContainerContract containerContract, JsonProperty containerMember, Object existingValue) in /_/Src/Newtonsoft.Json/Serialization/JsonSerializerInternalReader.cs:line 501
   at Newtonsoft.Json.Serialization.JsonSerializerInternalReader.SetPropertyValue(JsonProperty property, JsonConverter propertyConverter, JsonContainerContract containerContract, JsonProperty containerProperty, JsonReader reader, Object target) in /_/Src/Newtonsoft.Json/Serialization/JsonSerializerInternalReader.cs:line 998
   at Newtonsoft.Json.Serialization.JsonSerializerInternalReader.PopulateObject(Object newObject, JsonReader reader, JsonObjectContract contract, JsonProperty member, String id) in /_/Src/Newtonsoft.Json/Serialization/JsonSerializerInternalReader.cs:line 2386
   at Newtonsoft.Json.Serialization.JsonSerializerInternalReader.CreateObject(JsonReader reader, Type objectType, JsonContract contract, JsonProperty member, JsonContainerContract containerContract, JsonProperty containerMember, Object existingValue) in /_/Src/Newtonsoft.Json/Serialization/JsonSerializerInternalReader.cs:line 485
   at Newtonsoft.Json.Serialization.JsonSerializerInternalReader.PopulateList(IList list, JsonReader reader, JsonArrayContract contract, JsonProperty containerProperty, String id) in /_/Src/Newtonsoft.Json/Serialization/JsonSerializerInternalReader.cs:line 1663
   at Newtonsoft.Json.Serialization.JsonSerializerInternalReader.CreateList(JsonReader reader, Type objectType, JsonContract contract, JsonProperty member, Object existingValue, String id) in /_/Src/Newtonsoft.Json/Serialization/JsonSerializerInternalReader.cs:line 875
   at Newtonsoft.Json.Serialization.JsonSerializerInternalReader.SetPropertyValue(JsonProperty property, JsonConverter propertyConverter, JsonContainerContract containerContract, JsonProperty containerProperty, JsonReader reader, Object target) in /_/Src/Newtonsoft.Json/Serialization/JsonSerializerInternalReader.cs:line 998
   at Newtonsoft.Json.Serialization.JsonSerializerInternalReader.PopulateObject(Object newObject, JsonReader reader, JsonObjectContract contract, JsonProperty member, String id) in /_/Src/Newtonsoft.Json/Serialization/JsonSerializerInternalReader.cs:line 2386
   at Newtonsoft.Json.Serialization.JsonSerializerInternalReader.CreateObject(JsonReader reader, Type objectType, JsonContract contract, JsonProperty member, JsonContainerContract containerContract, JsonProperty containerMember, Object existingValue) in /_/Src/Newtonsoft.Json/Serialization/JsonSerializerInternalReader.cs:line 485
   at Newtonsoft.Json.Serialization.JsonSerializerInternalReader.Deserialize(JsonReader reader, Type objectType, Boolean checkAdditionalContent) in /_/Src/Newtonsoft.Json/Serialization/JsonSerializerInternalReader.cs:line 167
   at Newtonsoft.Json.JsonSerializer.DeserializeInternal(JsonReader reader, Type objectType) in /_/Src/Newtonsoft.Json/JsonSerializer.cs:line 907
   at Newtonsoft.Json.JsonConvert.DeserializeObject(String value, Type type, JsonSerializerSettings settings) in /_/Src/Newtonsoft.Json/JsonConvert.cs:line 828
   at Newtonsoft.Json.JsonConvert.DeserializeObject[T](String value, JsonSerializerSettings settings) in /_/Src/Newtonsoft.Json/JsonConvert.cs:line 786
   at KKday.Consoles.B2S.Rezdy.ProductRepository.ProductRepository.Main() in /Users/cengshenghao/Documents/GitHub/Src/Console/KKday.Console.B2S.Rezdy/KKday.Console.B2S.Rezdy/ProductRepository.cs:line 23
2018-12-04 15:19:26,140 [1] DEBUG KKday.Consoles.B2S.Rezdy.ProductRepository.ProductRepository - Newtonsoft.Json.JsonSerializationException: Cannot deserialize the current JSON object (e.g. {"name":"value"}) into type 'System.Collections.Generic.List`1[KKday.Consoles.B2S.Rezdy.Models.Produvt.locationAddress]' because the type requires a JSON array (e.g. [1,2,3]) to deserialize correctly.
To fix this error either change the JSON to a JSON array (e.g. [1,2,3]) or change the deserialized type so that it is a normal .NET type (e.g. not a primitive type like integer, not a collection type like an array or List<T>) that can be deserialized from a JSON object. JsonObjectAttribute can also be added to the type to force it to deserialize from a JSON object.
Path 'products[0].locationAddress.addressLine', line 1, position 55973.
   at Newtonsoft.Json.Serialization.JsonSerializerInternalReader.CreateObject(JsonReader reader, Type objectType, JsonContract contract, JsonProperty member, JsonContainerContract containerContract, JsonProperty containerMember, Object existingValue) in /_/Src/Newtonsoft.Json/Serialization/JsonSerializerInternalReader.cs:line 501
   at Newtonsoft.Json.Serialization.JsonSerializerInternalReader.SetPropertyValue(JsonProperty property, JsonConverter propertyConverter, JsonContainerContract containerContract, JsonProperty containerProperty, JsonReader reader, Object target) in /_/Src/Newtonsoft.Json/Serialization/JsonSerializerInternalReader.cs:line 998
   at Newtonsoft.Json.Serialization.JsonSerializerInternalReader.PopulateObject(Object newObject, JsonReader reader, JsonObjectContract contract, JsonProperty member, String id) in /_/Src/Newtonsoft.Json/Serialization/JsonSerializerInternalReader.cs:line 2386
   at Newtonsoft.Json.Serialization.JsonSerializerInternalReader.CreateObject(JsonReader reader, Type objectType, JsonContract contract, JsonProperty member, JsonContainerContract containerContract, JsonProperty containerMember, Object existingValue) in /_/Src/Newtonsoft.Json/Serialization/JsonSerializerInternalReader.cs:line 485
   at Newtonsoft.Json.Serialization.JsonSerializerInternalReader.PopulateList(IList list, JsonReader reader, JsonArrayContract contract, JsonProperty containerProperty, String id) in /_/Src/Newtonsoft.Json/Serialization/JsonSerializerInternalReader.cs:line 1663
   at Newtonsoft.Json.Serialization.JsonSerializerInternalReader.CreateList(JsonReader reader, Type objectType, JsonContract contract, JsonProperty member, Object existingValue, String id) in /_/Src/Newtonsoft.Json/Serialization/JsonSerializerInternalReader.cs:line 875
   at Newtonsoft.Json.Serialization.JsonSerializerInternalReader.SetPropertyValue(JsonProperty property, JsonConverter propertyConverter, JsonContainerContract containerContract, JsonProperty containerProperty, JsonReader reader, Object target) in /_/Src/Newtonsoft.Json/Serialization/JsonSerializerInternalReader.cs:line 998
   at Newtonsoft.Json.Serialization.JsonSerializerInternalReader.PopulateObject(Object newObject, JsonReader reader, JsonObjectContract contract, JsonProperty member, String id) in /_/Src/Newtonsoft.Json/Serialization/JsonSerializerInternalReader.cs:line 2386
   at Newtonsoft.Json.Serialization.JsonSerializerInternalReader.CreateObject(JsonReader reader, Type objectType, JsonContract contract, JsonProperty member, JsonContainerContract containerContract, JsonProperty containerMember, Object existingValue) in /_/Src/Newtonsoft.Json/Serialization/JsonSerializerInternalReader.cs:line 485
   at Newtonsoft.Json.Serialization.JsonSerializerInternalReader.Deserialize(JsonReader reader, Type objectType, Boolean checkAdditionalContent) in /_/Src/Newtonsoft.Json/Serialization/JsonSerializerInternalReader.cs:line 167
   at Newtonsoft.Json.JsonSerializer.DeserializeInternal(JsonReader reader, Type objectType) in /_/Src/Newtonsoft.Json/JsonSerializer.cs:line 907
   at Newtonsoft.Json.JsonConvert.DeserializeObject(String value, Type type, JsonSerializerSettings settings) in /_/Src/Newtonsoft.Json/JsonConvert.cs:line 828
   at Newtonsoft.Json.JsonConvert.DeserializeObject[T](String value, JsonSerializerSettings settings) in /_/Src/Newtonsoft.Json/JsonConvert.cs:line 786
   at KKday.Consoles.B2S.Rezdy.ProductRepository.ProductRepository.Main() in /Users/cengshenghao/Documents/GitHub/Src/Console/KKday.Console.B2S.Rezdy/KKday.Console.B2S.Rezdy/ProductRepository.cs:line 23
2018-12-04 15:22:42,146 [1] DEBUG KKday.Consoles.B2S.Rezdy.ProductRepository.ProductRepository - Newtonsoft.Json.JsonSerializationException: Cannot deserialize the current JSON object (e.g. {"name":"value"}) into type 'System.Collections.Generic.List`1[KKday.Consoles.B2S.Rezdy.Models.Produvt.locationAddress]' because the type requires a JSON array (e.g. [1,2,3]) to deserialize correctly.
To fix this error either change the JSON to a JSON array (e.g. [1,2,3]) or change the deserialized type so that it is a normal .NET type (e.g. not a primitive type like integer, not a collection type like an array or List<T>) that can be deserialized from a JSON object. JsonObjectAttribute can also be added to the type to force it to deserialize from a JSON object.
Path 'products[0].locationAddress.addressLine', line 1, position 55973.
   at Newtonsoft.Json.Serialization.JsonSerializerInternalReader.CreateObject(JsonReader reader, Type objectType, JsonContract contract, JsonProperty member, JsonContainerContract containerContract, JsonProperty containerMember, Object existingValue) in /_/Src/Newtonsoft.Json/Serialization/JsonSerializerInternalReader.cs:line 501
   at Newtonsoft.Json.Serialization.JsonSerializerInternalReader.SetPropertyValue(JsonProperty property, JsonConverter propertyConverter, JsonContainerContract containerContract, JsonProperty containerProperty, JsonReader reader, Object target) in /_/Src/Newtonsoft.Json/Serialization/JsonSerializerInternalReader.cs:line 998
   at Newtonsoft.Json.Serialization.JsonSerializerInternalReader.PopulateObject(Object newObject, JsonReader reader, JsonObjectContract contract, JsonProperty member, String id) in /_/Src/Newtonsoft.Json/Serialization/JsonSerializerInternalReader.cs:line 2386
   at Newtonsoft.Json.Serialization.JsonSerializerInternalReader.CreateObject(JsonReader reader, Type objectType, JsonContract contract, JsonProperty member, JsonContainerContract containerContract, JsonProperty containerMember, Object existingValue) in /_/Src/Newtonsoft.Json/Serialization/JsonSerializerInternalReader.cs:line 485
   at Newtonsoft.Json.Serialization.JsonSerializerInternalReader.PopulateList(IList list, JsonReader reader, JsonArrayContract contract, JsonProperty containerProperty, String id) in /_/Src/Newtonsoft.Json/Serialization/JsonSerializerInternalReader.cs:line 1663
   at Newtonsoft.Json.Serialization.JsonSerializerInternalReader.CreateList(JsonReader reader, Type objectType, JsonContract contract, JsonProperty member, Object existingValue, String id) in /_/Src/Newtonsoft.Json/Serialization/JsonSerializerInternalReader.cs:line 875
   at Newtonsoft.Json.Serialization.JsonSerializerInternalReader.SetPropertyValue(JsonProperty property, JsonConverter propertyConverter, JsonContainerContract containerContract, JsonProperty containerProperty, JsonReader reader, Object target) in /_/Src/Newtonsoft.Json/Serialization/JsonSerializerInternalReader.cs:line 998
   at Newtonsoft.Json.Serialization.JsonSerializerInternalReader.PopulateObject(Object newObject, JsonReader reader, JsonObjectContract contract, JsonProperty member, String id) in /_/Src/Newtonsoft.Json/Serialization/JsonSerializerInternalReader.cs:line 2386
   at Newtonsoft.Json.Serialization.JsonSerializerInternalReader.CreateObject(JsonReader reader, Type objectType, JsonContract contract, JsonProperty member, JsonContainerContract containerContract, JsonProperty containerMember, Object existingValue) in /_/Src/Newtonsoft.Json/Serialization/JsonSerializerInternalReader.cs:line 485
   at Newtonsoft.Json.Serialization.JsonSerializerInternalReader.Deserialize(JsonReader reader, Type objectType, Boolean checkAdditionalContent) in /_/Src/Newtonsoft.Json/Serialization/JsonSerializerInternalReader.cs:line 167
   at Newtonsoft.Json.JsonSerializer.DeserializeInternal(JsonReader reader, Type objectType) in /_/Src/Newtonsoft.Json/JsonSerializer.cs:line 907
   at Newtonsoft.Json.JsonConvert.DeserializeObject(String value, Type type, JsonSerializerSettings settings) in /_/Src/Newtonsoft.Json/JsonConvert.cs:line 828
   at Newtonsoft.Json.JsonConvert.DeserializeObject[T](String value, JsonSerializerSettings settings) in /_/Src/Newtonsoft.Json/JsonConvert.cs:line 786
   at KKday.Consoles.B2S.Rezdy.ProductRepository.ProductRepository.Main() in /Users/cengshenghao/Documents/GitHub/Src/Console/KKday.Console.B2S.Rezdy/KKday.Console.B2S.Rezdy/ProductRepository.cs:line 23
